# project  configured on Sun Jan 16 18:20:17 2022 by
# waf 1.7.11 (abi 98, python 20710f0 on linux2)
# using /home/a/.pebble-sdk/SDKs/current/sdk-core/pebble/waf configure
#
----------------------------------------
Setting top to
/home/a/github/pebble-abacus-watchface/pebble_app
----------------------------------------
Setting out to
/home/a/github/pebble-abacus-watchface/pebble_app/build
----------------------------------------
Checking for program webpack
/home/a/.pebble-sdk/SDKs/current/node_modules/.bin/webpack
find program=['webpack'] paths=['/home/a/.pebble-sdk/SDKs/current/node_modules/.bin'] var='WEBPACK' -> '/home/a/.pebble-sdk/SDKs/current/node_modules/.bin/webpack'
----------------------------------------
Found Pebble SDK for aplite in:
/home/a/.pebble-sdk/SDKs/current/sdk-core/pebble/aplite
----------------------------------------
Checking for program gcc,cc
arm-none-eabi-gcc
find program=['gcc', 'cc'] paths='' var='CC' -> 'arm-none-eabi-gcc'
----------------------------------------
Checking for program ar
arm-none-eabi-ar
find program=['ar'] paths='' var='AR' -> 'arm-none-eabi-ar'
